<?xml version="1.0" encoding="UTF-8"?>
<testng-results skipped="0" failed="0" ignored="0" total="1" passed="1">
  <reporter-output>
  </reporter-output>
  <suite name="Default suite" duration-ms="8653" started-at="2020-09-15T07:32:34Z" finished-at="2020-09-15T07:32:42Z">
    <groups>
    </groups>
    <test name="Default test" duration-ms="8653" started-at="2020-09-15T07:32:34Z" finished-at="2020-09-15T07:32:42Z">
      <class name="com.Rest.Test.GetGmailUser">
        <test-method status="PASS" signature="GmailTest()[pri:0, instance:com.Rest.Test.GetGmailUser@31ef45e3]" name="GmailTest" duration-ms="8552" started-at="2020-09-15T07:32:34Z" finished-at="2020-09-15T07:32:42Z">
          <reporter-output>
          </reporter-output>
        </test-method> <!-- GmailTest -->
      </class> <!-- com.Rest.Test.GetGmailUser -->
    </test> <!-- Default test -->
  </suite> <!-- Default suite -->
</testng-results>
